c:\users\box\source\repos\leetcode\primer\primer\debug\vc120.pdb
c:\users\box\source\repos\leetcode\primer\primer\debug\vc120.idb
c:\users\box\source\repos\leetcode\primer\primer\debug\no.28.nativecodeanalysis.xml
c:\users\box\source\repos\leetcode\primer\primer\debug\no.28.obj
c:\users\box\source\repos\leetcode\primer\primer\debug\no.29.obj
c:\users\box\source\repos\leetcode\primer\primer\debug\no.31.obj
c:\users\box\source\repos\leetcode\primer\primer\debug\no.32.obj
c:\users\box\source\repos\leetcode\primer\primer\debug\no.33.obj
c:\users\box\source\repos\leetcode\primer\primer\debug\no.34.obj
c:\users\box\source\repos\leetcode\primer\primer\debug\no.35.obj
c:\users\box\source\repos\leetcode\primer\primer\debug\no.36.obj
c:\users\box\source\repos\leetcode\primer\primer\debug\no.39.obj
c:\users\box\source\repos\leetcode\primer\debug\primer.ilk
c:\users\box\source\repos\leetcode\primer\debug\primer.exe
c:\users\box\source\repos\leetcode\primer\debug\primer.pdb
c:\users\box\source\repos\leetcode\primer\primer\debug\nativecodeanalysis.read.1.tlog
c:\users\box\source\repos\leetcode\primer\primer\debug\vc.nativecodeanalysis.all.xml
c:\users\box\source\repos\leetcode\primer\debug\primer.exe.lastcodeanalysissucceeded
c:\users\box\source\repos\leetcode\primer\primer\debug\primer.tlog\cl.command.1.tlog
c:\users\box\source\repos\leetcode\primer\primer\debug\primer.tlog\cl.read.1.tlog
c:\users\box\source\repos\leetcode\primer\primer\debug\primer.tlog\cl.write.1.tlog
c:\users\box\source\repos\leetcode\primer\primer\debug\primer.tlog\link.command.1.tlog
c:\users\box\source\repos\leetcode\primer\primer\debug\primer.tlog\link.read.1.tlog
c:\users\box\source\repos\leetcode\primer\primer\debug\primer.tlog\link.write.1.tlog
